=== CLEAN TARGET W OF PROJECT W WITH CONFIGURATION Debug ===

Check dependencies

Create product structure
/bin/mkdir -p /Users/Mark/Desktop/workspace/xcode/projects/oc/main/simple-xcodebuild/W/build/Debug-iphoneos/W.app

Clean.Remove clean build/Debug-iphoneos/W.app
    builtin-rm -rf /Users/Mark/Desktop/workspace/xcode/projects/oc/main/simple-xcodebuild/W/build/Debug-iphoneos/W.app

Clean.Remove clean build/W.build/Debug-iphoneos/W.build
    builtin-rm -rf /Users/Mark/Desktop/workspace/xcode/projects/oc/main/simple-xcodebuild/W/build/W.build/Debug-iphoneos/W.build

=== CLEAN TARGET WTests OF PROJECT W WITH CONFIGURATION Debug ===

Check dependencies
[BCEROR]Code Signing Error: Signing for "WTests" requires a development team. Select a development team in the project editor.
[BCEROR]Code Signing Error: Code signing is required for product type 'Unit Test Bundle' in SDK 'iOS 11.4'
[BCEROR]Code Signing Error: Signing for "WTests" requires a development team. Select a development team in the project editor.
[BCEROR]Code Signing Error: Code signing is required for product type 'Unit Test Bundle' in SDK 'iOS 11.4'
[BCEROR]Code Signing Error: Signing for "WTests" requires a development team. Select a development team in the project editor.
[BCEROR]Code Signing Error: Code signing is required for product type 'Unit Test Bundle' in SDK 'iOS 11.4'
[BCEROR]Code Signing Error: Signing for "WTests" requires a development team. Select a development team in the project editor.
[BCEROR]Code Signing Error: Code signing is required for product type 'Unit Test Bundle' in SDK 'iOS 11.4'

Create product structure
/bin/mkdir -p /Users/Mark/Desktop/workspace/xcode/projects/oc/main/simple-xcodebuild/W/build/Debug-iphoneos/W.app/PlugIns/WTests.xctest

Clean.Remove clean build/Debug-iphoneos/W.app/PlugIns/WTests.xctest
    builtin-rm -rf /Users/Mark/Desktop/workspace/xcode/projects/oc/main/simple-xcodebuild/W/build/Debug-iphoneos/W.app/PlugIns/WTests.xctest

Clean.Remove clean build/Debug-iphoneos/W.app/PlugIns/WTests.xctest.dSYM
    builtin-rm -rf /Users/Mark/Desktop/workspace/xcode/projects/oc/main/simple-xcodebuild/W/build/Debug-iphoneos/W.app/PlugIns/WTests.xctest.dSYM

Clean.Remove clean build/W.build/Debug-iphoneos/WTests.build
    builtin-rm -rf /Users/Mark/Desktop/workspace/xcode/projects/oc/main/simple-xcodebuild/W/build/W.build/Debug-iphoneos/WTests.build

=== CLEAN TARGET WUITests OF PROJECT W WITH CONFIGURATION Debug ===

Check dependencies
[BCEROR]Code Signing Error: Signing for "WUITests" requires a development team. Select a development team in the project editor.
[BCEROR]Code Signing Error: Code signing is required for product type 'UI Testing Bundle' in SDK 'iOS 11.4'
[BCEROR]Code Signing Error: Signing for "WUITests" requires a development team. Select a development team in the project editor.
[BCEROR]Code Signing Error: Code signing is required for product type 'UI Testing Bundle' in SDK 'iOS 11.4'
[BCEROR]Code Signing Error: Signing for "WUITests" requires a development team. Select a development team in the project editor.
[BCEROR]Code Signing Error: Code signing is required for product type 'UI Testing Bundle' in SDK 'iOS 11.4'
[BCEROR]Code Signing Error: Signing for "WUITests" requires a development team. Select a development team in the project editor.
[BCEROR]Code Signing Error: Code signing is required for product type 'UI Testing Bundle' in SDK 'iOS 11.4'

Create product structure
/bin/mkdir -p /Users/Mark/Desktop/workspace/xcode/projects/oc/main/simple-xcodebuild/W/build/Debug-iphoneos/WUITests-Runner.app/PlugIns/WUITests.xctest

Clean.Remove clean build/Debug-iphoneos/WUITests-Runner.app
    builtin-rm -rf /Users/Mark/Desktop/workspace/xcode/projects/oc/main/simple-xcodebuild/W/build/Debug-iphoneos/WUITests-Runner.app

Clean.Remove clean build/Debug-iphoneos/WUITests-Runner.app/PlugIns/WUITests.xctest
    builtin-rm -rf /Users/Mark/Desktop/workspace/xcode/projects/oc/main/simple-xcodebuild/W/build/Debug-iphoneos/WUITests-Runner.app/PlugIns/WUITests.xctest

Clean.Remove clean build/Debug-iphoneos/WUITests-Runner.app/PlugIns/WUITests.xctest.dSYM
    builtin-rm -rf /Users/Mark/Desktop/workspace/xcode/projects/oc/main/simple-xcodebuild/W/build/Debug-iphoneos/WUITests-Runner.app/PlugIns/WUITests.xctest.dSYM

Clean.Remove clean build/W.build/Debug-iphoneos/WUITests.build
    builtin-rm -rf /Users/Mark/Desktop/workspace/xcode/projects/oc/main/simple-xcodebuild/W/build/W.build/Debug-iphoneos/WUITests.build

** CLEAN SUCCEEDED **

=== CLEAN TARGET W OF PROJECT W WITH CONFIGURATION Debug ===

Check dependencies

Clean.Remove clean build/Debug-iphoneos/W.app
    builtin-rm -rf /Users/Mark/Desktop/workspace/xcode/projects/oc/main/simple-xcodebuild/W/build/Debug-iphoneos/W.app

Clean.Remove clean build/W.build/Debug-iphoneos/W.build
    builtin-rm -rf /Users/Mark/Desktop/workspace/xcode/projects/oc/main/simple-xcodebuild/W/build/W.build/Debug-iphoneos/W.build

=== CLEAN TARGET WTests OF PROJECT W WITH CONFIGURATION Debug ===

Check dependencies
[BCEROR]Code Signing Error: Signing for "WTests" requires a development team. Select a development team in the project editor.
[BCEROR]Code Signing Error: Code signing is required for product type 'Unit Test Bundle' in SDK 'iOS 11.4'
[BCEROR]Code Signing Error: Signing for "WTests" requires a development team. Select a development team in the project editor.
[BCEROR]Code Signing Error: Code signing is required for product type 'Unit Test Bundle' in SDK 'iOS 11.4'
[BCEROR]Code Signing Error: Signing for "WTests" requires a development team. Select a development team in the project editor.
[BCEROR]Code Signing Error: Code signing is required for product type 'Unit Test Bundle' in SDK 'iOS 11.4'
[BCEROR]Code Signing Error: Signing for "WTests" requires a development team. Select a development team in the project editor.
[BCEROR]Code Signing Error: Code signing is required for product type 'Unit Test Bundle' in SDK 'iOS 11.4'

Create product structure
/bin/mkdir -p /Users/Mark/Desktop/workspace/xcode/projects/oc/main/simple-xcodebuild/W/build/Debug-iphoneos/W.app/PlugIns/WTests.xctest

Clean.Remove clean build/Debug-iphoneos/W.app/PlugIns/WTests.xctest
    builtin-rm -rf /Users/Mark/Desktop/workspace/xcode/projects/oc/main/simple-xcodebuild/W/build/Debug-iphoneos/W.app/PlugIns/WTests.xctest

Clean.Remove clean build/Debug-iphoneos/W.app/PlugIns/WTests.xctest.dSYM
    builtin-rm -rf /Users/Mark/Desktop/workspace/xcode/projects/oc/main/simple-xcodebuild/W/build/Debug-iphoneos/W.app/PlugIns/WTests.xctest.dSYM

Clean.Remove clean build/W.build/Debug-iphoneos/WTests.build
    builtin-rm -rf /Users/Mark/Desktop/workspace/xcode/projects/oc/main/simple-xcodebuild/W/build/W.build/Debug-iphoneos/WTests.build

=== CLEAN TARGET WUITests OF PROJECT W WITH CONFIGURATION Debug ===

Check dependencies
[BCEROR]Code Signing Error: Signing for "WUITests" requires a development team. Select a development team in the project editor.
[BCEROR]Code Signing Error: Code signing is required for product type 'UI Testing Bundle' in SDK 'iOS 11.4'
[BCEROR]Code Signing Error: Signing for "WUITests" requires a development team. Select a development team in the project editor.
[BCEROR]Code Signing Error: Code signing is required for product type 'UI Testing Bundle' in SDK 'iOS 11.4'
[BCEROR]Code Signing Error: Signing for "WUITests" requires a development team. Select a development team in the project editor.
[BCEROR]Code Signing Error: Code signing is required for product type 'UI Testing Bundle' in SDK 'iOS 11.4'
[BCEROR]Code Signing Error: Signing for "WUITests" requires a development team. Select a development team in the project editor.
[BCEROR]Code Signing Error: Code signing is required for product type 'UI Testing Bundle' in SDK 'iOS 11.4'

Create product structure
/bin/mkdir -p /Users/Mark/Desktop/workspace/xcode/projects/oc/main/simple-xcodebuild/W/build/Debug-iphoneos/WUITests-Runner.app/PlugIns/WUITests.xctest

Clean.Remove clean build/Debug-iphoneos/WUITests-Runner.app/PlugIns/WUITests.xctest
    builtin-rm -rf /Users/Mark/Desktop/workspace/xcode/projects/oc/main/simple-xcodebuild/W/build/Debug-iphoneos/WUITests-Runner.app/PlugIns/WUITests.xctest

Clean.Remove clean build/Debug-iphoneos/WUITests-Runner.app
    builtin-rm -rf /Users/Mark/Desktop/workspace/xcode/projects/oc/main/simple-xcodebuild/W/build/Debug-iphoneos/WUITests-Runner.app

Clean.Remove clean build/Debug-iphoneos/WUITests-Runner.app/PlugIns/WUITests.xctest.dSYM
    builtin-rm -rf /Users/Mark/Desktop/workspace/xcode/projects/oc/main/simple-xcodebuild/W/build/Debug-iphoneos/WUITests-Runner.app/PlugIns/WUITests.xctest.dSYM

Clean.Remove clean build/W.build/Debug-iphoneos/WUITests.build
    builtin-rm -rf /Users/Mark/Desktop/workspace/xcode/projects/oc/main/simple-xcodebuild/W/build/W.build/Debug-iphoneos/WUITests.build

** CLEAN SUCCEEDED **

=== CLEAN TARGET W OF PROJECT W WITH CONFIGURATION Debug ===

Check dependencies

Clean.Remove clean build/Debug-iphoneos/W.app
    builtin-rm -rf /Users/Mark/Desktop/workspace/xcode/projects/oc/main/simple-xcodebuild/W/build/Debug-iphoneos/W.app

Clean.Remove clean build/W.build/Debug-iphoneos/W.build
    builtin-rm -rf /Users/Mark/Desktop/workspace/xcode/projects/oc/main/simple-xcodebuild/W/build/W.build/Debug-iphoneos/W.build

=== CLEAN TARGET WTests OF PROJECT W WITH CONFIGURATION Debug ===

Check dependencies
[BCEROR]Code Signing Error: Signing for "WTests" requires a development team. Select a development team in the project editor.
[BCEROR]Code Signing Error: Code signing is required for product type 'Unit Test Bundle' in SDK 'iOS 11.4'
[BCEROR]Code Signing Error: Signing for "WTests" requires a development team. Select a development team in the project editor.
[BCEROR]Code Signing Error: Code signing is required for product type 'Unit Test Bundle' in SDK 'iOS 11.4'
[BCEROR]Code Signing Error: Signing for "WTests" requires a development team. Select a development team in the project editor.
[BCEROR]Code Signing Error: Code signing is required for product type 'Unit Test Bundle' in SDK 'iOS 11.4'
[BCEROR]Code Signing Error: Signing for "WTests" requires a development team. Select a development team in the project editor.
[BCEROR]Code Signing Error: Code signing is required for product type 'Unit Test Bundle' in SDK 'iOS 11.4'

Create product structure
/bin/mkdir -p /Users/Mark/Desktop/workspace/xcode/projects/oc/main/simple-xcodebuild/W/build/Debug-iphoneos/W.app/PlugIns/WTests.xctest

Clean.Remove clean build/Debug-iphoneos/W.app/PlugIns/WTests.xctest
    builtin-rm -rf /Users/Mark/Desktop/workspace/xcode/projects/oc/main/simple-xcodebuild/W/build/Debug-iphoneos/W.app/PlugIns/WTests.xctest

Clean.Remove clean build/Debug-iphoneos/W.app/PlugIns/WTests.xctest.dSYM
    builtin-rm -rf /Users/Mark/Desktop/workspace/xcode/projects/oc/main/simple-xcodebuild/W/build/Debug-iphoneos/W.app/PlugIns/WTests.xctest.dSYM

Clean.Remove clean build/W.build/Debug-iphoneos/WTests.build
    builtin-rm -rf /Users/Mark/Desktop/workspace/xcode/projects/oc/main/simple-xcodebuild/W/build/W.build/Debug-iphoneos/WTests.build

=== CLEAN TARGET WUITests OF PROJECT W WITH CONFIGURATION Debug ===

Check dependencies
[BCEROR]Code Signing Error: Signing for "WUITests" requires a development team. Select a development team in the project editor.
[BCEROR]Code Signing Error: Code signing is required for product type 'UI Testing Bundle' in SDK 'iOS 11.4'
[BCEROR]Code Signing Error: Signing for "WUITests" requires a development team. Select a development team in the project editor.
[BCEROR]Code Signing Error: Code signing is required for product type 'UI Testing Bundle' in SDK 'iOS 11.4'
[BCEROR]Code Signing Error: Signing for "WUITests" requires a development team. Select a development team in the project editor.
[BCEROR]Code Signing Error: Code signing is required for product type 'UI Testing Bundle' in SDK 'iOS 11.4'
[BCEROR]Code Signing Error: Signing for "WUITests" requires a development team. Select a development team in the project editor.
[BCEROR]Code Signing Error: Code signing is required for product type 'UI Testing Bundle' in SDK 'iOS 11.4'

Create product structure
/bin/mkdir -p /Users/Mark/Desktop/workspace/xcode/projects/oc/main/simple-xcodebuild/W/build/Debug-iphoneos/WUITests-Runner.app/PlugIns/WUITests.xctest

Clean.Remove clean build/Debug-iphoneos/WUITests-Runner.app/PlugIns/WUITests.xctest
    builtin-rm -rf /Users/Mark/Desktop/workspace/xcode/projects/oc/main/simple-xcodebuild/W/build/Debug-iphoneos/WUITests-Runner.app/PlugIns/WUITests.xctest

Clean.Remove clean build/Debug-iphoneos/WUITests-Runner.app
    builtin-rm -rf /Users/Mark/Desktop/workspace/xcode/projects/oc/main/simple-xcodebuild/W/build/Debug-iphoneos/WUITests-Runner.app

Clean.Remove clean build/Debug-iphoneos/WUITests-Runner.app/PlugIns/WUITests.xctest.dSYM
    builtin-rm -rf /Users/Mark/Desktop/workspace/xcode/projects/oc/main/simple-xcodebuild/W/build/Debug-iphoneos/WUITests-Runner.app/PlugIns/WUITests.xctest.dSYM

Clean.Remove clean build/W.build/Debug-iphoneos/WUITests.build
    builtin-rm -rf /Users/Mark/Desktop/workspace/xcode/projects/oc/main/simple-xcodebuild/W/build/W.build/Debug-iphoneos/WUITests.build

** CLEAN SUCCEEDED **

=== CLEAN TARGET W OF PROJECT W WITH CONFIGURATION Debug ===

Check dependencies

Clean.Remove clean build/Debug-iphoneos/W.app
    builtin-rm -rf /Users/Mark/Desktop/workspace/xcode/projects/oc/main/simple-xcodebuild/W/build/Debug-iphoneos/W.app

Clean.Remove clean build/W.build/Debug-iphoneos/W.build
    builtin-rm -rf /Users/Mark/Desktop/workspace/xcode/projects/oc/main/simple-xcodebuild/W/build/W.build/Debug-iphoneos/W.build

=== CLEAN TARGET WTests OF PROJECT W WITH CONFIGURATION Debug ===

Check dependencies
[BCEROR]Code Signing Error: Signing for "WTests" requires a development team. Select a development team in the project editor.
[BCEROR]Code Signing Error: Code signing is required for product type 'Unit Test Bundle' in SDK 'iOS 11.4'
[BCEROR]Code Signing Error: Signing for "WTests" requires a development team. Select a development team in the project editor.
[BCEROR]Code Signing Error: Code signing is required for product type 'Unit Test Bundle' in SDK 'iOS 11.4'
[BCEROR]Code Signing Error: Signing for "WTests" requires a development team. Select a development team in the project editor.
[BCEROR]Code Signing Error: Code signing is required for product type 'Unit Test Bundle' in SDK 'iOS 11.4'
[BCEROR]Code Signing Error: Signing for "WTests" requires a development team. Select a development team in the project editor.
[BCEROR]Code Signing Error: Code signing is required for product type 'Unit Test Bundle' in SDK 'iOS 11.4'

Create product structure
/bin/mkdir -p /Users/Mark/Desktop/workspace/xcode/projects/oc/main/simple-xcodebuild/W/build/Debug-iphoneos/W.app/PlugIns/WTests.xctest

Clean.Remove clean build/Debug-iphoneos/W.app/PlugIns/WTests.xctest
    builtin-rm -rf /Users/Mark/Desktop/workspace/xcode/projects/oc/main/simple-xcodebuild/W/build/Debug-iphoneos/W.app/PlugIns/WTests.xctest

Clean.Remove clean build/Debug-iphoneos/W.app/PlugIns/WTests.xctest.dSYM
    builtin-rm -rf /Users/Mark/Desktop/workspace/xcode/projects/oc/main/simple-xcodebuild/W/build/Debug-iphoneos/W.app/PlugIns/WTests.xctest.dSYM

Clean.Remove clean build/W.build/Debug-iphoneos/WTests.build
    builtin-rm -rf /Users/Mark/Desktop/workspace/xcode/projects/oc/main/simple-xcodebuild/W/build/W.build/Debug-iphoneos/WTests.build

=== CLEAN TARGET WUITests OF PROJECT W WITH CONFIGURATION Debug ===

Check dependencies
[BCEROR]Code Signing Error: Signing for "WUITests" requires a development team. Select a development team in the project editor.
[BCEROR]Code Signing Error: Code signing is required for product type 'UI Testing Bundle' in SDK 'iOS 11.4'
[BCEROR]Code Signing Error: Signing for "WUITests" requires a development team. Select a development team in the project editor.
[BCEROR]Code Signing Error: Code signing is required for product type 'UI Testing Bundle' in SDK 'iOS 11.4'
[BCEROR]Code Signing Error: Signing for "WUITests" requires a development team. Select a development team in the project editor.
[BCEROR]Code Signing Error: Code signing is required for product type 'UI Testing Bundle' in SDK 'iOS 11.4'
[BCEROR]Code Signing Error: Signing for "WUITests" requires a development team. Select a development team in the project editor.
[BCEROR]Code Signing Error: Code signing is required for product type 'UI Testing Bundle' in SDK 'iOS 11.4'

Create product structure
/bin/mkdir -p /Users/Mark/Desktop/workspace/xcode/projects/oc/main/simple-xcodebuild/W/build/Debug-iphoneos/WUITests-Runner.app/PlugIns/WUITests.xctest

Clean.Remove clean build/Debug-iphoneos/WUITests-Runner.app/PlugIns/WUITests.xctest
    builtin-rm -rf /Users/Mark/Desktop/workspace/xcode/projects/oc/main/simple-xcodebuild/W/build/Debug-iphoneos/WUITests-Runner.app/PlugIns/WUITests.xctest

Clean.Remove clean build/Debug-iphoneos/WUITests-Runner.app
    builtin-rm -rf /Users/Mark/Desktop/workspace/xcode/projects/oc/main/simple-xcodebuild/W/build/Debug-iphoneos/WUITests-Runner.app

Clean.Remove clean build/Debug-iphoneos/WUITests-Runner.app/PlugIns/WUITests.xctest.dSYM
    builtin-rm -rf /Users/Mark/Desktop/workspace/xcode/projects/oc/main/simple-xcodebuild/W/build/Debug-iphoneos/WUITests-Runner.app/PlugIns/WUITests.xctest.dSYM

Clean.Remove clean build/W.build/Debug-iphoneos/WUITests.build
    builtin-rm -rf /Users/Mark/Desktop/workspace/xcode/projects/oc/main/simple-xcodebuild/W/build/W.build/Debug-iphoneos/WUITests.build

** CLEAN SUCCEEDED **

=== CLEAN TARGET W OF PROJECT W WITH CONFIGURATION Debug ===

Check dependencies

Clean.Remove clean build/W.build/Debug-iphoneos/W.build
    builtin-rm -rf /Users/Mark/Desktop/workspace/xcode/projects/oc/main/simple-xcodebuild/W/build/W.build/Debug-iphoneos/W.build

Clean.Remove clean build/Debug-iphoneos/W.app
    builtin-rm -rf /Users/Mark/Desktop/workspace/xcode/projects/oc/main/simple-xcodebuild/W/build/Debug-iphoneos/W.app

=== CLEAN TARGET WTests OF PROJECT W WITH CONFIGURATION Debug ===

Check dependencies
[BCEROR]Code Signing Error: Signing for "WTests" requires a development team. Select a development team in the project editor.
[BCEROR]Code Signing Error: Code signing is required for product type 'Unit Test Bundle' in SDK 'iOS 11.4'
[BCEROR]Code Signing Error: Signing for "WTests" requires a development team. Select a development team in the project editor.
[BCEROR]Code Signing Error: Code signing is required for product type 'Unit Test Bundle' in SDK 'iOS 11.4'
[BCEROR]Code Signing Error: Signing for "WTests" requires a development team. Select a development team in the project editor.
[BCEROR]Code Signing Error: Code signing is required for product type 'Unit Test Bundle' in SDK 'iOS 11.4'
[BCEROR]Code Signing Error: Signing for "WTests" requires a development team. Select a development team in the project editor.
[BCEROR]Code Signing Error: Code signing is required for product type 'Unit Test Bundle' in SDK 'iOS 11.4'

Create product structure
/bin/mkdir -p /Users/Mark/Desktop/workspace/xcode/projects/oc/main/simple-xcodebuild/W/build/Debug-iphoneos/W.app/PlugIns/WTests.xctest

Clean.Remove clean build/Debug-iphoneos/W.app/PlugIns/WTests.xctest.dSYM
    builtin-rm -rf /Users/Mark/Desktop/workspace/xcode/projects/oc/main/simple-xcodebuild/W/build/Debug-iphoneos/W.app/PlugIns/WTests.xctest.dSYM

Clean.Remove clean build/Debug-iphoneos/W.app/PlugIns/WTests.xctest
    builtin-rm -rf /Users/Mark/Desktop/workspace/xcode/projects/oc/main/simple-xcodebuild/W/build/Debug-iphoneos/W.app/PlugIns/WTests.xctest

Clean.Remove clean build/W.build/Debug-iphoneos/WTests.build
    builtin-rm -rf /Users/Mark/Desktop/workspace/xcode/projects/oc/main/simple-xcodebuild/W/build/W.build/Debug-iphoneos/WTests.build

=== CLEAN TARGET WUITests OF PROJECT W WITH CONFIGURATION Debug ===

Check dependencies
[BCEROR]Code Signing Error: Signing for "WUITests" requires a development team. Select a development team in the project editor.
[BCEROR]Code Signing Error: Code signing is required for product type 'UI Testing Bundle' in SDK 'iOS 11.4'
[BCEROR]Code Signing Error: Signing for "WUITests" requires a development team. Select a development team in the project editor.
[BCEROR]Code Signing Error: Code signing is required for product type 'UI Testing Bundle' in SDK 'iOS 11.4'
[BCEROR]Code Signing Error: Signing for "WUITests" requires a development team. Select a development team in the project editor.
[BCEROR]Code Signing Error: Code signing is required for product type 'UI Testing Bundle' in SDK 'iOS 11.4'
[BCEROR]Code Signing Error: Signing for "WUITests" requires a development team. Select a development team in the project editor.
[BCEROR]Code Signing Error: Code signing is required for product type 'UI Testing Bundle' in SDK 'iOS 11.4'

Create product structure
/bin/mkdir -p /Users/Mark/Desktop/workspace/xcode/projects/oc/main/simple-xcodebuild/W/build/Debug-iphoneos/WUITests-Runner.app/PlugIns/WUITests.xctest

Clean.Remove clean build/Debug-iphoneos/WUITests-Runner.app/PlugIns/WUITests.xctest
    builtin-rm -rf /Users/Mark/Desktop/workspace/xcode/projects/oc/main/simple-xcodebuild/W/build/Debug-iphoneos/WUITests-Runner.app/PlugIns/WUITests.xctest

Clean.Remove clean build/Debug-iphoneos/WUITests-Runner.app
    builtin-rm -rf /Users/Mark/Desktop/workspace/xcode/projects/oc/main/simple-xcodebuild/W/build/Debug-iphoneos/WUITests-Runner.app

Clean.Remove clean build/Debug-iphoneos/WUITests-Runner.app/PlugIns/WUITests.xctest.dSYM
    builtin-rm -rf /Users/Mark/Desktop/workspace/xcode/projects/oc/main/simple-xcodebuild/W/build/Debug-iphoneos/WUITests-Runner.app/PlugIns/WUITests.xctest.dSYM

Clean.Remove clean build/W.build/Debug-iphoneos/WUITests.build
    builtin-rm -rf /Users/Mark/Desktop/workspace/xcode/projects/oc/main/simple-xcodebuild/W/build/W.build/Debug-iphoneos/WUITests.build

** CLEAN SUCCEEDED **

=== CLEAN TARGET W OF PROJECT W WITH CONFIGURATION Debug ===

Check dependencies

Clean.Remove clean build/W.build/Debug-iphoneos/W.build
    builtin-rm -rf /Users/Mark/Desktop/workspace/xcode/projects/oc/main/simple-xcodebuild/W/build/W.build/Debug-iphoneos/W.build

Clean.Remove clean build/Debug-iphoneos/W.app
    builtin-rm -rf /Users/Mark/Desktop/workspace/xcode/projects/oc/main/simple-xcodebuild/W/build/Debug-iphoneos/W.app

=== CLEAN TARGET WTests OF PROJECT W WITH CONFIGURATION Debug ===

Check dependencies

Create product structure
/bin/mkdir -p /Users/Mark/Desktop/workspace/xcode/projects/oc/main/simple-xcodebuild/W/build/Debug-iphoneos/W.app/PlugIns/WTests.xctest

Clean.Remove clean build/Debug-iphoneos/W.app/PlugIns/WTests.xctest
    builtin-rm -rf /Users/Mark/Desktop/workspace/xcode/projects/oc/main/simple-xcodebuild/W/build/Debug-iphoneos/W.app/PlugIns/WTests.xctest

Clean.Remove clean build/W.build/Debug-iphoneos/WTests.build
    builtin-rm -rf /Users/Mark/Desktop/workspace/xcode/projects/oc/main/simple-xcodebuild/W/build/W.build/Debug-iphoneos/WTests.build

Clean.Remove clean build/Debug-iphoneos/W.app/PlugIns/WTests.xctest.dSYM
    builtin-rm -rf /Users/Mark/Desktop/workspace/xcode/projects/oc/main/simple-xcodebuild/W/build/Debug-iphoneos/W.app/PlugIns/WTests.xctest.dSYM

=== CLEAN TARGET WUITests OF PROJECT W WITH CONFIGURATION Debug ===

Check dependencies

Create product structure
/bin/mkdir -p /Users/Mark/Desktop/workspace/xcode/projects/oc/main/simple-xcodebuild/W/build/Debug-iphoneos/WUITests-Runner.app/PlugIns/WUITests.xctest

Clean.Remove clean build/Debug-iphoneos/WUITests-Runner.app/PlugIns/WUITests.xctest
    builtin-rm -rf /Users/Mark/Desktop/workspace/xcode/projects/oc/main/simple-xcodebuild/W/build/Debug-iphoneos/WUITests-Runner.app/PlugIns/WUITests.xctest

Clean.Remove clean build/Debug-iphoneos/WUITests-Runner.app
    builtin-rm -rf /Users/Mark/Desktop/workspace/xcode/projects/oc/main/simple-xcodebuild/W/build/Debug-iphoneos/WUITests-Runner.app

Clean.Remove clean build/Debug-iphoneos/WUITests-Runner.app/PlugIns/WUITests.xctest.dSYM
    builtin-rm -rf /Users/Mark/Desktop/workspace/xcode/projects/oc/main/simple-xcodebuild/W/build/Debug-iphoneos/WUITests-Runner.app/PlugIns/WUITests.xctest.dSYM

Clean.Remove clean build/W.build/Debug-iphoneos/WUITests.build
    builtin-rm -rf /Users/Mark/Desktop/workspace/xcode/projects/oc/main/simple-xcodebuild/W/build/W.build/Debug-iphoneos/WUITests.build

** CLEAN SUCCEEDED **

